<?xml version="1.0" encoding="UTF-8"?>
<!-- Generated by org.testng.reporters.JUnitReportReporter -->
<testsuite hostname="DESKTOP-C1IO9DF" failures="0" tests="1" name="testng.UrlTest" time="5.129" errors="0" timestamp="2021-04-14T09:20:35 IST" skipped="0">
  <testcase classname="testng.UrlTest" name="Test1" time="5.129"/>
  <system-out/>
</testsuite> <!-- testng.UrlTest -->
